<?xml version="1.0" encoding="UTF-8"?>
<!-- Generated by org.testng.reporters.JUnitReportReporter -->
<testsuite hostname="DESKTOP-SSVA3IU" failures="0" tests="5" name="com.team3.TestRunner.TestRunner" time="22.618" errors="0" timestamp="2022-07-05T22:30:00 GMT-07:00" skipped="0">
  <testcase classname="com.team3.TestRunner.TestRunner" name="feature" time="1.400"/>
  <system-out/>
  <testcase classname="com.team3.TestRunner.TestRunner" name="feature" time="9.003"/>
  <system-out/>
  <testcase classname="com.team3.TestRunner.TestRunner" name="feature" time="1.291"/>
  <system-out/>
  <testcase classname="com.team3.TestRunner.TestRunner" name="feature" time="1.426"/>
  <system-out/>
  <testcase classname="com.team3.TestRunner.TestRunner" name="feature" time="9.498"/>
  <system-out/>
</testsuite> <!-- com.team3.TestRunner.TestRunner -->
