<?xml version="1.0" encoding="UTF-8"?>
<!-- Generated by org.testng.reporters.JUnitReportReporter -->
<testsuite hostname="DESKTOP-SSVA3IU" failures="0" tests="5" name="com.team3.TestRunner.TestRunner" time="28.048" errors="0" timestamp="2022-07-06T10:00:23 GMT-07:00" skipped="0">
  <testcase classname="com.team3.TestRunner.TestRunner" name="feature" time="1.385"/>
  <system-out/>
  <testcase classname="com.team3.TestRunner.TestRunner" name="feature" time="1.388"/>
  <system-out/>
  <testcase classname="com.team3.TestRunner.TestRunner" name="feature" time="9.496"/>
  <system-out/>
  <testcase classname="com.team3.TestRunner.TestRunner" name="feature" time="14.731"/>
  <system-out/>
  <testcase classname="com.team3.TestRunner.TestRunner" name="feature" time="1.048"/>
  <system-out/>
</testsuite> <!-- com.team3.TestRunner.TestRunner -->
